app/build/intermediates/manifest_merge_blame_file/debug/manifest-merger-blame-debug-report.txt
1<?xml version="1.0" encoding="utf-8"?>
2<manifest xmlns:android="http://schemas.android.com/apk/res/android"
3    package="com.mobkom.easyshake"
4    android:versionCode="1"
5    android:versionName="1.0" >
6
7    <uses-sdk
8        android:minSdkVersion="21"
8-->src\main\AndroidManifest.xml
9        android:targetSdkVersion="30" />
9-->src\main\AndroidManifest.xml
10
11    <uses-permission android:name="android.permission.INTERNET" />
11-->src\main\AndroidManifest.xml:6:5-67
11-->src\main\AndroidManifest.xml:6:22-64
12
13    <application
13-->src\main\AndroidManifest.xml:8:5-26:19
14        android:allowBackup="true"
14-->src\main\AndroidManifest.xml:9:9-35
15        android:appComponentFactory="androidx.core.app.CoreComponentFactory"
15-->[androidx.core:core:1.3.2] AndroidManifest.xml:24:18-86
16        android:debuggable="true"
17        android:icon="@drawable/easyshake"
17-->src\main\AndroidManifest.xml:10:9-43
18        android:label="@string/app_name"
18-->src\main\AndroidManifest.xml:11:9-41
19        android:roundIcon="@mipmap/ic_launcher_round"
19-->src\main\AndroidManifest.xml:12:9-54
20        android:supportsRtl="true"
20-->src\main\AndroidManifest.xml:13:9-35
21        android:theme="@style/AppTheme"
21-->src\main\AndroidManifest.xml:14:9-40
22        android:usesCleartextTraffic="true" >
22-->src\main\AndroidManifest.xml:15:9-44
23        <activity android:name="com.mobkom.easyshake.Activities.RecipeDrinkActivity" />
23-->src\main\AndroidManifest.xml:17:9-68
23-->src\main\AndroidManifest.xml:17:19-65
24        <activity android:name="com.mobkom.easyshake.Activities.ListDrinkActivity" />
24-->src\main\AndroidManifest.xml:18:9-66
24-->src\main\AndroidManifest.xml:18:19-63
25        <activity android:name="com.mobkom.easyshake.Activities.CategoriesActivity" >
25-->src\main\AndroidManifest.xml:19:9-25:20
25-->src\main\AndroidManifest.xml:19:19-64
26            <intent-filter>
26-->src\main\AndroidManifest.xml:20:13-24:29
27                <action android:name="android.intent.action.MAIN" />
27-->src\main\AndroidManifest.xml:21:17-69
27-->src\main\AndroidManifest.xml:21:25-66
28
29                <category android:name="android.intent.category.LAUNCHER" />
29-->src\main\AndroidManifest.xml:23:17-77
29-->src\main\AndroidManifest.xml:23:27-74
30            </intent-filter>
31        </activity>
32    </application>
33
34</manifest>